The system is: Linux - 5.10.103-v7l+ - armv7l
Compiling the C compiler identification source file "CMakeCCompilerId.c" succeeded.
Compiler: /bin/clang-7 
Build flags: 
Id flags:  

The output was:
0


Compilation of the C compiler identification source "CMakeCCompilerId.c" produced "a.out"

The C compiler identification is Clang, found in "/home/pi/project/pi-io/Pi-SPI/build/CMakeFiles/3.16.3/CompilerIdC/a.out"

Compiling the CXX compiler identification source file "CMakeCXXCompilerId.cpp" succeeded.
Compiler: /bin/clang++-7 
Build flags: 
Id flags:  

The output was:
0


Compilation of the CXX compiler identification source "CMakeCXXCompilerId.cpp" produced "a.out"

The CXX compiler identification is Clang, found in "/home/pi/project/pi-io/Pi-SPI/build/CMakeFiles/3.16.3/CompilerIdCXX/a.out"

Determining if the C compiler works passed with the following output:
Change Dir: /home/pi/project/pi-io/Pi-SPI/build/CMakeFiles/CMakeTmp

Run Build Command(s):/usr/bin/make cmTC_0e4d6/fast && /usr/bin/make -f CMakeFiles/cmTC_0e4d6.dir/build.make CMakeFiles/cmTC_0e4d6.dir/build
make[1]: Entering directory '/home/pi/project/pi-io/Pi-SPI/build/CMakeFiles/CMakeTmp'
Building C object CMakeFiles/cmTC_0e4d6.dir/testCCompiler.c.o
/bin/clang-7    -o CMakeFiles/cmTC_0e4d6.dir/testCCompiler.c.o   -c /home/pi/project/pi-io/Pi-SPI/build/CMakeFiles/CMakeTmp/testCCompiler.c
Linking C executable cmTC_0e4d6
/usr/bin/cmake -E cmake_link_script CMakeFiles/cmTC_0e4d6.dir/link.txt --verbose=1
/bin/clang-7      -rdynamic CMakeFiles/cmTC_0e4d6.dir/testCCompiler.c.o  -o cmTC_0e4d6 
make[1]: Leaving directory '/home/pi/project/pi-io/Pi-SPI/build/CMakeFiles/CMakeTmp'



Detecting C compiler ABI info compiled with the following output:
Change Dir: /home/pi/project/pi-io/Pi-SPI/build/CMakeFiles/CMakeTmp

Run Build Command(s):/usr/bin/make cmTC_781da/fast && /usr/bin/make -f CMakeFiles/cmTC_781da.dir/build.make CMakeFiles/cmTC_781da.dir/build
make[1]: Entering directory '/home/pi/project/pi-io/Pi-SPI/build/CMakeFiles/CMakeTmp'
Building C object CMakeFiles/cmTC_781da.dir/CMakeCCompilerABI.c.o
/bin/clang-7   -v -o CMakeFiles/cmTC_781da.dir/CMakeCCompilerABI.c.o   -c /usr/share/cmake-3.16/Modules/CMakeCCompilerABI.c
clang version 7.0.1-8+rpi3+deb10u2 (tags/RELEASE_701/final)
Target: armv6k-unknown-linux-gnueabihf
Thread model: posix
InstalledDir: /bin
Found candidate GCC installation: /bin/../lib/gcc/arm-linux-gnueabihf/4.9
Found candidate GCC installation: /bin/../lib/gcc/arm-linux-gnueabihf/4.9.4
Found candidate GCC installation: /bin/../lib/gcc/arm-linux-gnueabihf/5
Found candidate GCC installation: /bin/../lib/gcc/arm-linux-gnueabihf/5.5.0
Found candidate GCC installation: /bin/../lib/gcc/arm-linux-gnueabihf/6
Found candidate GCC installation: /bin/../lib/gcc/arm-linux-gnueabihf/6.5.0
Found candidate GCC installation: /bin/../lib/gcc/arm-linux-gnueabihf/7
Found candidate GCC installation: /bin/../lib/gcc/arm-linux-gnueabihf/7.3.0
Found candidate GCC installation: /bin/../lib/gcc/arm-linux-gnueabihf/8
Found candidate GCC installation: /usr/lib/gcc/arm-linux-gnueabihf/4.9
Found candidate GCC installation: /usr/lib/gcc/arm-linux-gnueabihf/4.9.4
Found candidate GCC installation: /usr/lib/gcc/arm-linux-gnueabihf/5
Found candidate GCC installation: /usr/lib/gcc/arm-linux-gnueabihf/5.5.0
Found candidate GCC installation: /usr/lib/gcc/arm-linux-gnueabihf/6
Found candidate GCC installation: /usr/lib/gcc/arm-linux-gnueabihf/6.5.0
Found candidate GCC installation: /usr/lib/gcc/arm-linux-gnueabihf/7
Found candidate GCC installation: /usr/lib/gcc/arm-linux-gnueabihf/7.3.0
Found candidate GCC installation: /usr/lib/gcc/arm-linux-gnueabihf/8
Selected GCC installation: /bin/../lib/gcc/arm-linux-gnueabihf/8
Candidate multilib: .;@m32
Selected multilib: .;@m32
 "/usr/lib/llvm-7/bin/clang" -cc1 -triple armv6k-unknown-linux-gnueabihf -emit-obj -mrelax-all -disable-free -disable-llvm-verifier -discard-value-names -main-file-name CMakeCCompilerABI.c -mrelocation-model static -mthread-model posix -mdisable-fp-elim -fmath-errno -masm-verbose -mconstructor-aliases -fuse-init-array -target-cpu mpcore -target-feature +strict-align -target-abi aapcs-linux -mfloat-abi hard -fallow-half-arguments-and-returns -dwarf-column-info -debugger-tuning=gdb -v -coverage-notes-file /home/pi/project/pi-io/Pi-SPI/build/CMakeFiles/CMakeTmp/CMakeFiles/cmTC_781da.dir/CMakeCCompilerABI.c.gcno -resource-dir /usr/lib/llvm-7/lib/clang/7.0.1 -internal-isystem /usr/local/include -internal-isystem /usr/lib/llvm-7/lib/clang/7.0.1/include -internal-externc-isystem /usr/include/arm-linux-gnueabihf -internal-externc-isystem /include -internal-externc-isystem /usr/include -fdebug-compilation-dir /home/pi/project/pi-io/Pi-SPI/build/CMakeFiles/CMakeTmp -ferror-limit 19 -fmessage-length 0 -fno-signed-char -fobjc-runtime=gcc -fdiagnostics-show-option -o CMakeFiles/cmTC_781da.dir/CMakeCCompilerABI.c.o -x c /usr/share/cmake-3.16/Modules/CMakeCCompilerABI.c -faddrsig
clang -cc1 version 7.0.1 based upon LLVM 7.0.1 default target armv6k-unknown-linux-gnueabihf
ignoring nonexistent directory "/include"
#include "..." search starts here:
#include <...> search starts here:
 /usr/local/include
 /usr/lib/llvm-7/lib/clang/7.0.1/include
 /usr/include/arm-linux-gnueabihf
 /usr/include
End of search list.
Linking C executable cmTC_781da
/usr/bin/cmake -E cmake_link_script CMakeFiles/cmTC_781da.dir/link.txt --verbose=1
/bin/clang-7     -v -rdynamic CMakeFiles/cmTC_781da.dir/CMakeCCompilerABI.c.o  -o cmTC_781da 
clang version 7.0.1-8+rpi3+deb10u2 (tags/RELEASE_701/final)
Target: armv6k-unknown-linux-gnueabihf
Thread model: posix
InstalledDir: /bin
Found candidate GCC installation: /bin/../lib/gcc/arm-linux-gnueabihf/4.9
Found candidate GCC installation: /bin/../lib/gcc/arm-linux-gnueabihf/4.9.4
Found candidate GCC installation: /bin/../lib/gcc/arm-linux-gnueabihf/5
Found candidate GCC installation: /bin/../lib/gcc/arm-linux-gnueabihf/5.5.0
Found candidate GCC installation: /bin/../lib/gcc/arm-linux-gnueabihf/6
Found candidate GCC installation: /bin/../lib/gcc/arm-linux-gnueabihf/6.5.0
Found candidate GCC installation: /bin/../lib/gcc/arm-linux-gnueabihf/7
Found candidate GCC installation: /bin/../lib/gcc/arm-linux-gnueabihf/7.3.0
Found candidate GCC installation: /bin/../lib/gcc/arm-linux-gnueabihf/8
Found candidate GCC installation: /usr/lib/gcc/arm-linux-gnueabihf/4.9
Found candidate GCC installation: /usr/lib/gcc/arm-linux-gnueabihf/4.9.4
Found candidate GCC installation: /usr/lib/gcc/arm-linux-gnueabihf/5
Found candidate GCC installation: /usr/lib/gcc/arm-linux-gnueabihf/5.5.0
Found candidate GCC installation: /usr/lib/gcc/arm-linux-gnueabihf/6
Found candidate GCC installation: /usr/lib/gcc/arm-linux-gnueabihf/6.5.0
Found candidate GCC installation: /usr/lib/gcc/arm-linux-gnueabihf/7
Found candidate GCC installation: /usr/lib/gcc/arm-linux-gnueabihf/7.3.0
Found candidate GCC installation: /usr/lib/gcc/arm-linux-gnueabihf/8
Selected GCC installation: /bin/../lib/gcc/arm-linux-gnueabihf/8
Candidate multilib: .;@m32
Selected multilib: .;@m32
 "/bin/ld" -export-dynamic -X --hash-style=both --build-id --eh-frame-hdr -m armelf_linux_eabi -export-dynamic -dynamic-linker /lib/ld-linux-armhf.so.3 -o cmTC_781da /bin/../lib/gcc/arm-linux-gnueabihf/8/../../../arm-linux-gnueabihf/crt1.o /bin/../lib/gcc/arm-linux-gnueabihf/8/../../../arm-linux-gnueabihf/crti.o /bin/../lib/gcc/arm-linux-gnueabihf/8/crtbegin.o -L/bin/../lib/gcc/arm-linux-gnueabihf/8 -L/bin/../lib/gcc/arm-linux-gnueabihf/8/../../../arm-linux-gnueabihf -L/bin/../lib/gcc/arm-linux-gnueabihf/8/../../../../lib -L/usr/lib/llvm-7/bin/../lib -L/lib/arm-linux-gnueabihf -L/lib/../lib -L/usr/lib/arm-linux-gnueabihf -L/usr/lib/../lib -L/usr/lib/arm-linux-gnueabihf/../../lib -L/bin/../lib/gcc/arm-linux-gnueabihf/8/../../.. -L/usr/lib/llvm-7/bin/../lib -L/lib -L/usr/lib CMakeFiles/cmTC_781da.dir/CMakeCCompilerABI.c.o -lgcc --as-needed -lgcc_s --no-as-needed -lc -lgcc --as-needed -lgcc_s --no-as-needed /bin/../lib/gcc/arm-linux-gnueabihf/8/crtend.o /bin/../lib/gcc/arm-linux-gnueabihf/8/../../../arm-linux-gnueabihf/crtn.o
make[1]: Leaving directory '/home/pi/project/pi-io/Pi-SPI/build/CMakeFiles/CMakeTmp'



Parsed C implicit include dir info from above output: rv=done
  found start of include info
  found start of implicit include info
    add: [/usr/local/include]
    add: [/usr/lib/llvm-7/lib/clang/7.0.1/include]
    add: [/usr/include/arm-linux-gnueabihf]
    add: [/usr/include]
  end of search list found
  collapse include dir [/usr/local/include] ==> [/usr/local/include]
  collapse include dir [/usr/lib/llvm-7/lib/clang/7.0.1/include] ==> [/usr/lib/llvm-7/lib/clang/7.0.1/include]
  collapse include dir [/usr/include/arm-linux-gnueabihf] ==> [/usr/include/arm-linux-gnueabihf]
  collapse include dir [/usr/include] ==> [/usr/include]
  implicit include dirs: [/usr/local/include;/usr/lib/llvm-7/lib/clang/7.0.1/include;/usr/include/arm-linux-gnueabihf;/usr/include]


Parsed C implicit link information from above output:
  link line regex: [^( *|.*[/\])(ld|CMAKE_LINK_STARTFILE-NOTFOUND|([^/\]+-)?ld|collect2)[^/\]*( |$)]
  ignore line: [Change Dir: /home/pi/project/pi-io/Pi-SPI/build/CMakeFiles/CMakeTmp]
  ignore line: []
  ignore line: [Run Build Command(s):/usr/bin/make cmTC_781da/fast && /usr/bin/make -f CMakeFiles/cmTC_781da.dir/build.make CMakeFiles/cmTC_781da.dir/build]
  ignore line: [make[1]: Entering directory '/home/pi/project/pi-io/Pi-SPI/build/CMakeFiles/CMakeTmp']
  ignore line: [Building C object CMakeFiles/cmTC_781da.dir/CMakeCCompilerABI.c.o]
  ignore line: [/bin/clang-7   -v -o CMakeFiles/cmTC_781da.dir/CMakeCCompilerABI.c.o   -c /usr/share/cmake-3.16/Modules/CMakeCCompilerABI.c]
  ignore line: [clang version 7.0.1-8+rpi3+deb10u2 (tags/RELEASE_701/final)]
  ignore line: [Target: armv6k-unknown-linux-gnueabihf]
  ignore line: [Thread model: posix]
  ignore line: [InstalledDir: /bin]
  ignore line: [Found candidate GCC installation: /bin/../lib/gcc/arm-linux-gnueabihf/4.9]
  ignore line: [Found candidate GCC installation: /bin/../lib/gcc/arm-linux-gnueabihf/4.9.4]
  ignore line: [Found candidate GCC installation: /bin/../lib/gcc/arm-linux-gnueabihf/5]
  ignore line: [Found candidate GCC installation: /bin/../lib/gcc/arm-linux-gnueabihf/5.5.0]
  ignore line: [Found candidate GCC installation: /bin/../lib/gcc/arm-linux-gnueabihf/6]
  ignore line: [Found candidate GCC installation: /bin/../lib/gcc/arm-linux-gnueabihf/6.5.0]
  ignore line: [Found candidate GCC installation: /bin/../lib/gcc/arm-linux-gnueabihf/7]
  ignore line: [Found candidate GCC installation: /bin/../lib/gcc/arm-linux-gnueabihf/7.3.0]
  ignore line: [Found candidate GCC installation: /bin/../lib/gcc/arm-linux-gnueabihf/8]
  ignore line: [Found candidate GCC installation: /usr/lib/gcc/arm-linux-gnueabihf/4.9]
  ignore line: [Found candidate GCC installation: /usr/lib/gcc/arm-linux-gnueabihf/4.9.4]
  ignore line: [Found candidate GCC installation: /usr/lib/gcc/arm-linux-gnueabihf/5]
  ignore line: [Found candidate GCC installation: /usr/lib/gcc/arm-linux-gnueabihf/5.5.0]
  ignore line: [Found candidate GCC installation: /usr/lib/gcc/arm-linux-gnueabihf/6]
  ignore line: [Found candidate GCC installation: /usr/lib/gcc/arm-linux-gnueabihf/6.5.0]
  ignore line: [Found candidate GCC installation: /usr/lib/gcc/arm-linux-gnueabihf/7]
  ignore line: [Found candidate GCC installation: /usr/lib/gcc/arm-linux-gnueabihf/7.3.0]
  ignore line: [Found candidate GCC installation: /usr/lib/gcc/arm-linux-gnueabihf/8]
  ignore line: [Selected GCC installation: /bin/../lib/gcc/arm-linux-gnueabihf/8]
  ignore line: [Candidate multilib: .]
  ignore line: [@m32]
  ignore line: [Selected multilib: .]
  ignore line: [@m32]
  ignore line: [ "/usr/lib/llvm-7/bin/clang" -cc1 -triple armv6k-unknown-linux-gnueabihf -emit-obj -mrelax-all -disable-free -disable-llvm-verifier -discard-value-names -main-file-name CMakeCCompilerABI.c -mrelocation-model static -mthread-model posix -mdisable-fp-elim -fmath-errno -masm-verbose -mconstructor-aliases -fuse-init-array -target-cpu mpcore -target-feature +strict-align -target-abi aapcs-linux -mfloat-abi hard -fallow-half-arguments-and-returns -dwarf-column-info -debugger-tuning=gdb -v -coverage-notes-file /home/pi/project/pi-io/Pi-SPI/build/CMakeFiles/CMakeTmp/CMakeFiles/cmTC_781da.dir/CMakeCCompilerABI.c.gcno -resource-dir /usr/lib/llvm-7/lib/clang/7.0.1 -internal-isystem /usr/local/include -internal-isystem /usr/lib/llvm-7/lib/clang/7.0.1/include -internal-externc-isystem /usr/include/arm-linux-gnueabihf -internal-externc-isystem /include -internal-externc-isystem /usr/include -fdebug-compilation-dir /home/pi/project/pi-io/Pi-SPI/build/CMakeFiles/CMakeTmp -ferror-limit 19 -fmessage-length 0 -fno-signed-char -fobjc-runtime=gcc -fdiagnostics-show-option -o CMakeFiles/cmTC_781da.dir/CMakeCCompilerABI.c.o -x c /usr/share/cmake-3.16/Modules/CMakeCCompilerABI.c -faddrsig]
  ignore line: [clang -cc1 version 7.0.1 based upon LLVM 7.0.1 default target armv6k-unknown-linux-gnueabihf]
  ignore line: [ignoring nonexistent directory "/include"]
  ignore line: [#include "..." search starts here:]
  ignore line: [#include <...> search starts here:]
  ignore line: [ /usr/local/include]
  ignore line: [ /usr/lib/llvm-7/lib/clang/7.0.1/include]
  ignore line: [ /usr/include/arm-linux-gnueabihf]
  ignore line: [ /usr/include]
  ignore line: [End of search list.]
  ignore line: [Linking C executable cmTC_781da]
  ignore line: [/usr/bin/cmake -E cmake_link_script CMakeFiles/cmTC_781da.dir/link.txt --verbose=1]
  ignore line: [/bin/clang-7     -v -rdynamic CMakeFiles/cmTC_781da.dir/CMakeCCompilerABI.c.o  -o cmTC_781da ]
  ignore line: [clang version 7.0.1-8+rpi3+deb10u2 (tags/RELEASE_701/final)]
  ignore line: [Target: armv6k-unknown-linux-gnueabihf]
  ignore line: [Thread model: posix]
  ignore line: [InstalledDir: /bin]
  ignore line: [Found candidate GCC installation: /bin/../lib/gcc/arm-linux-gnueabihf/4.9]
  ignore line: [Found candidate GCC installation: /bin/../lib/gcc/arm-linux-gnueabihf/4.9.4]
  ignore line: [Found candidate GCC installation: /bin/../lib/gcc/arm-linux-gnueabihf/5]
  ignore line: [Found candidate GCC installation: /bin/../lib/gcc/arm-linux-gnueabihf/5.5.0]
  ignore line: [Found candidate GCC installation: /bin/../lib/gcc/arm-linux-gnueabihf/6]
  ignore line: [Found candidate GCC installation: /bin/../lib/gcc/arm-linux-gnueabihf/6.5.0]
  ignore line: [Found candidate GCC installation: /bin/../lib/gcc/arm-linux-gnueabihf/7]
  ignore line: [Found candidate GCC installation: /bin/../lib/gcc/arm-linux-gnueabihf/7.3.0]
  ignore line: [Found candidate GCC installation: /bin/../lib/gcc/arm-linux-gnueabihf/8]
  ignore line: [Found candidate GCC installation: /usr/lib/gcc/arm-linux-gnueabihf/4.9]
  ignore line: [Found candidate GCC installation: /usr/lib/gcc/arm-linux-gnueabihf/4.9.4]
  ignore line: [Found candidate GCC installation: /usr/lib/gcc/arm-linux-gnueabihf/5]
  ignore line: [Found candidate GCC installation: /usr/lib/gcc/arm-linux-gnueabihf/5.5.0]
  ignore line: [Found candidate GCC installation: /usr/lib/gcc/arm-linux-gnueabihf/6]
  ignore line: [Found candidate GCC installation: /usr/lib/gcc/arm-linux-gnueabihf/6.5.0]
  ignore line: [Found candidate GCC installation: /usr/lib/gcc/arm-linux-gnueabihf/7]
  ignore line: [Found candidate GCC installation: /usr/lib/gcc/arm-linux-gnueabihf/7.3.0]
  ignore line: [Found candidate GCC installation: /usr/lib/gcc/arm-linux-gnueabihf/8]
  ignore line: [Selected GCC installation: /bin/../lib/gcc/arm-linux-gnueabihf/8]
  ignore line: [Candidate multilib: .]
  ignore line: [@m32]
  ignore line: [Selected multilib: .]
  ignore line: [@m32]
  link line: [ "/bin/ld" -export-dynamic -X --hash-style=both --build-id --eh-frame-hdr -m armelf_linux_eabi -export-dynamic -dynamic-linker /lib/ld-linux-armhf.so.3 -o cmTC_781da /bin/../lib/gcc/arm-linux-gnueabihf/8/../../../arm-linux-gnueabihf/crt1.o /bin/../lib/gcc/arm-linux-gnueabihf/8/../../../arm-linux-gnueabihf/crti.o /bin/../lib/gcc/arm-linux-gnueabihf/8/crtbegin.o -L/bin/../lib/gcc/arm-linux-gnueabihf/8 -L/bin/../lib/gcc/arm-linux-gnueabihf/8/../../../arm-linux-gnueabihf -L/bin/../lib/gcc/arm-linux-gnueabihf/8/../../../../lib -L/usr/lib/llvm-7/bin/../lib -L/lib/arm-linux-gnueabihf -L/lib/../lib -L/usr/lib/arm-linux-gnueabihf -L/usr/lib/../lib -L/usr/lib/arm-linux-gnueabihf/../../lib -L/bin/../lib/gcc/arm-linux-gnueabihf/8/../../.. -L/usr/lib/llvm-7/bin/../lib -L/lib -L/usr/lib CMakeFiles/cmTC_781da.dir/CMakeCCompilerABI.c.o -lgcc --as-needed -lgcc_s --no-as-needed -lc -lgcc --as-needed -lgcc_s --no-as-needed /bin/../lib/gcc/arm-linux-gnueabihf/8/crtend.o /bin/../lib/gcc/arm-linux-gnueabihf/8/../../../arm-linux-gnueabihf/crtn.o]
    arg [/bin/ld] ==> ignore
    arg [-export-dynamic] ==> ignore
    arg [-X] ==> ignore
    arg [--hash-style=both] ==> ignore
    arg [--build-id] ==> ignore
    arg [--eh-frame-hdr] ==> ignore
    arg [-m] ==> ignore
    arg [armelf_linux_eabi] ==> ignore
    arg [-export-dynamic] ==> ignore
    arg [-dynamic-linker] ==> ignore
    arg [/lib/ld-linux-armhf.so.3] ==> ignore
    arg [-o] ==> ignore
    arg [cmTC_781da] ==> ignore
    arg [/bin/../lib/gcc/arm-linux-gnueabihf/8/../../../arm-linux-gnueabihf/crt1.o] ==> ignore
    arg [/bin/../lib/gcc/arm-linux-gnueabihf/8/../../../arm-linux-gnueabihf/crti.o] ==> ignore
    arg [/bin/../lib/gcc/arm-linux-gnueabihf/8/crtbegin.o] ==> ignore
    arg [-L/bin/../lib/gcc/arm-linux-gnueabihf/8] ==> dir [/bin/../lib/gcc/arm-linux-gnueabihf/8]
    arg [-L/bin/../lib/gcc/arm-linux-gnueabihf/8/../../../arm-linux-gnueabihf] ==> dir [/bin/../lib/gcc/arm-linux-gnueabihf/8/../../../arm-linux-gnueabihf]
    arg [-L/bin/../lib/gcc/arm-linux-gnueabihf/8/../../../../lib] ==> dir [/bin/../lib/gcc/arm-linux-gnueabihf/8/../../../../lib]
    arg [-L/usr/lib/llvm-7/bin/../lib] ==> dir [/usr/lib/llvm-7/bin/../lib]
    arg [-L/lib/arm-linux-gnueabihf] ==> dir [/lib/arm-linux-gnueabihf]
    arg [-L/lib/../lib] ==> dir [/lib/../lib]
    arg [-L/usr/lib/arm-linux-gnueabihf] ==> dir [/usr/lib/arm-linux-gnueabihf]
    arg [-L/usr/lib/../lib] ==> dir [/usr/lib/../lib]
    arg [-L/usr/lib/arm-linux-gnueabihf/../../lib] ==> dir [/usr/lib/arm-linux-gnueabihf/../../lib]
    arg [-L/bin/../lib/gcc/arm-linux-gnueabihf/8/../../..] ==> dir [/bin/../lib/gcc/arm-linux-gnueabihf/8/../../..]
    arg [-L/usr/lib/llvm-7/bin/../lib] ==> dir [/usr/lib/llvm-7/bin/../lib]
    arg [-L/lib] ==> dir [/lib]
    arg [-L/usr/lib] ==> dir [/usr/lib]
    arg [CMakeFiles/cmTC_781da.dir/CMakeCCompilerABI.c.o] ==> ignore
    arg [-lgcc] ==> lib [gcc]
    arg [--as-needed] ==> ignore
    arg [-lgcc_s] ==> lib [gcc_s]
    arg [--no-as-needed] ==> ignore
    arg [-lc] ==> lib [c]
    arg [-lgcc] ==> lib [gcc]
    arg [--as-needed] ==> ignore
    arg [-lgcc_s] ==> lib [gcc_s]
    arg [--no-as-needed] ==> ignore
    arg [/bin/../lib/gcc/arm-linux-gnueabihf/8/crtend.o] ==> ignore
    arg [/bin/../lib/gcc/arm-linux-gnueabihf/8/../../../arm-linux-gnueabihf/crtn.o] ==> ignore
  collapse library dir [/bin/../lib/gcc/arm-linux-gnueabihf/8] ==> [/lib/gcc/arm-linux-gnueabihf/8]
  collapse library dir [/bin/../lib/gcc/arm-linux-gnueabihf/8/../../../arm-linux-gnueabihf] ==> [/lib/arm-linux-gnueabihf]
  collapse library dir [/bin/../lib/gcc/arm-linux-gnueabihf/8/../../../../lib] ==> [/lib]
  collapse library dir [/usr/lib/llvm-7/bin/../lib] ==> [/usr/lib/llvm-7/lib]
  collapse library dir [/lib/arm-linux-gnueabihf] ==> [/lib/arm-linux-gnueabihf]
  collapse library dir [/lib/../lib] ==> [/lib]
  collapse library dir [/usr/lib/arm-linux-gnueabihf] ==> [/usr/lib/arm-linux-gnueabihf]
  collapse library dir [/usr/lib/../lib] ==> [/usr/lib]
  collapse library dir [/usr/lib/arm-linux-gnueabihf/../../lib] ==> [/usr/lib]
  collapse library dir [/bin/../lib/gcc/arm-linux-gnueabihf/8/../../..] ==> [/lib]
  collapse library dir [/usr/lib/llvm-7/bin/../lib] ==> [/usr/lib/llvm-7/lib]
  collapse library dir [/lib] ==> [/lib]
  collapse library dir [/usr/lib] ==> [/usr/lib]
  implicit libs: [gcc;gcc_s;c;gcc;gcc_s]
  implicit dirs: [/lib/gcc/arm-linux-gnueabihf/8;/lib/arm-linux-gnueabihf;/lib;/usr/lib/llvm-7/lib;/usr/lib/arm-linux-gnueabihf;/usr/lib]
  implicit fwks: []


Determining if the CXX compiler works passed with the following output:
Change Dir: /home/pi/project/pi-io/Pi-SPI/build/CMakeFiles/CMakeTmp

Run Build Command(s):/usr/bin/make cmTC_14ab8/fast && /usr/bin/make -f CMakeFiles/cmTC_14ab8.dir/build.make CMakeFiles/cmTC_14ab8.dir/build
make[1]: Entering directory '/home/pi/project/pi-io/Pi-SPI/build/CMakeFiles/CMakeTmp'
Building CXX object CMakeFiles/cmTC_14ab8.dir/testCXXCompiler.cxx.o
/bin/clang++-7     -o CMakeFiles/cmTC_14ab8.dir/testCXXCompiler.cxx.o -c /home/pi/project/pi-io/Pi-SPI/build/CMakeFiles/CMakeTmp/testCXXCompiler.cxx
Linking CXX executable cmTC_14ab8
/usr/bin/cmake -E cmake_link_script CMakeFiles/cmTC_14ab8.dir/link.txt --verbose=1
/bin/clang++-7       -rdynamic CMakeFiles/cmTC_14ab8.dir/testCXXCompiler.cxx.o  -o cmTC_14ab8 
make[1]: Leaving directory '/home/pi/project/pi-io/Pi-SPI/build/CMakeFiles/CMakeTmp'



Detecting CXX compiler ABI info compiled with the following output:
Change Dir: /home/pi/project/pi-io/Pi-SPI/build/CMakeFiles/CMakeTmp

Run Build Command(s):/usr/bin/make cmTC_11135/fast && /usr/bin/make -f CMakeFiles/cmTC_11135.dir/build.make CMakeFiles/cmTC_11135.dir/build
make[1]: Entering directory '/home/pi/project/pi-io/Pi-SPI/build/CMakeFiles/CMakeTmp'
Building CXX object CMakeFiles/cmTC_11135.dir/CMakeCXXCompilerABI.cpp.o
/bin/clang++-7    -v -o CMakeFiles/cmTC_11135.dir/CMakeCXXCompilerABI.cpp.o -c /usr/share/cmake-3.16/Modules/CMakeCXXCompilerABI.cpp
clang version 7.0.1-8+rpi3+deb10u2 (tags/RELEASE_701/final)
Target: armv6k-unknown-linux-gnueabihf
Thread model: posix
InstalledDir: /bin
Found candidate GCC installation: /bin/../lib/gcc/arm-linux-gnueabihf/4.9
Found candidate GCC installation: /bin/../lib/gcc/arm-linux-gnueabihf/4.9.4
Found candidate GCC installation: /bin/../lib/gcc/arm-linux-gnueabihf/5
Found candidate GCC installation: /bin/../lib/gcc/arm-linux-gnueabihf/5.5.0
Found candidate GCC installation: /bin/../lib/gcc/arm-linux-gnueabihf/6
Found candidate GCC installation: /bin/../lib/gcc/arm-linux-gnueabihf/6.5.0
Found candidate GCC installation: /bin/../lib/gcc/arm-linux-gnueabihf/7
Found candidate GCC installation: /bin/../lib/gcc/arm-linux-gnueabihf/7.3.0
Found candidate GCC installation: /bin/../lib/gcc/arm-linux-gnueabihf/8
Found candidate GCC installation: /usr/lib/gcc/arm-linux-gnueabihf/4.9
Found candidate GCC installation: /usr/lib/gcc/arm-linux-gnueabihf/4.9.4
Found candidate GCC installation: /usr/lib/gcc/arm-linux-gnueabihf/5
Found candidate GCC installation: /usr/lib/gcc/arm-linux-gnueabihf/5.5.0
Found candidate GCC installation: /usr/lib/gcc/arm-linux-gnueabihf/6
Found candidate GCC installation: /usr/lib/gcc/arm-linux-gnueabihf/6.5.0
Found candidate GCC installation: /usr/lib/gcc/arm-linux-gnueabihf/7
Found candidate GCC installation: /usr/lib/gcc/arm-linux-gnueabihf/7.3.0
Found candidate GCC installation: /usr/lib/gcc/arm-linux-gnueabihf/8
Selected GCC installation: /bin/../lib/gcc/arm-linux-gnueabihf/8
Candidate multilib: .;@m32
Selected multilib: .;@m32
 "/usr/lib/llvm-7/bin/clang" -cc1 -triple armv6k-unknown-linux-gnueabihf -emit-obj -mrelax-all -disable-free -disable-llvm-verifier -discard-value-names -main-file-name CMakeCXXCompilerABI.cpp -mrelocation-model static -mthread-model posix -mdisable-fp-elim -fmath-errno -masm-verbose -mconstructor-aliases -fuse-init-array -target-cpu mpcore -target-feature +strict-align -target-abi aapcs-linux -mfloat-abi hard -fallow-half-arguments-and-returns -dwarf-column-info -debugger-tuning=gdb -v -coverage-notes-file /home/pi/project/pi-io/Pi-SPI/build/CMakeFiles/CMakeTmp/CMakeFiles/cmTC_11135.dir/CMakeCXXCompilerABI.cpp.gcno -resource-dir /usr/lib/llvm-7/lib/clang/7.0.1 -internal-isystem /bin/../lib/gcc/arm-linux-gnueabihf/8/../../../../include/c++/8 -internal-isystem /bin/../lib/gcc/arm-linux-gnueabihf/8/../../../../include/arm-linux-gnueabihf/c++/8 -internal-isystem /bin/../lib/gcc/arm-linux-gnueabihf/8/../../../../include/arm-linux-gnueabihf/c++/8 -internal-isystem /bin/../lib/gcc/arm-linux-gnueabihf/8/../../../../include/c++/8/backward -internal-isystem /usr/include/clang/7.0.1/include/ -internal-isystem /usr/local/include -internal-isystem /usr/lib/llvm-7/lib/clang/7.0.1/include -internal-externc-isystem /usr/include/arm-linux-gnueabihf -internal-externc-isystem /include -internal-externc-isystem /usr/include -fdeprecated-macro -fdebug-compilation-dir /home/pi/project/pi-io/Pi-SPI/build/CMakeFiles/CMakeTmp -ferror-limit 19 -fmessage-length 0 -fno-signed-char -fobjc-runtime=gcc -fcxx-exceptions -fexceptions -fdiagnostics-show-option -o CMakeFiles/cmTC_11135.dir/CMakeCXXCompilerABI.cpp.o -x c++ /usr/share/cmake-3.16/Modules/CMakeCXXCompilerABI.cpp -faddrsig
clang -cc1 version 7.0.1 based upon LLVM 7.0.1 default target armv6k-unknown-linux-gnueabihf
ignoring nonexistent directory "/include"
ignoring duplicate directory "/bin/../lib/gcc/arm-linux-gnueabihf/8/../../../../include/arm-linux-gnueabihf/c++/8"
ignoring duplicate directory "/usr/include/clang/7.0.1/include"
#include "..." search starts here:
#include <...> search starts here:
 /bin/../lib/gcc/arm-linux-gnueabihf/8/../../../../include/c++/8
 /bin/../lib/gcc/arm-linux-gnueabihf/8/../../../../include/arm-linux-gnueabihf/c++/8
 /bin/../lib/gcc/arm-linux-gnueabihf/8/../../../../include/c++/8/backward
 /usr/include/clang/7.0.1/include
 /usr/local/include
 /usr/include/arm-linux-gnueabihf
 /usr/include
End of search list.
Linking CXX executable cmTC_11135
/usr/bin/cmake -E cmake_link_script CMakeFiles/cmTC_11135.dir/link.txt --verbose=1
/bin/clang++-7      -v -rdynamic CMakeFiles/cmTC_11135.dir/CMakeCXXCompilerABI.cpp.o  -o cmTC_11135 
clang version 7.0.1-8+rpi3+deb10u2 (tags/RELEASE_701/final)
Target: armv6k-unknown-linux-gnueabihf
Thread model: posix
InstalledDir: /bin
Found candidate GCC installation: /bin/../lib/gcc/arm-linux-gnueabihf/4.9
Found candidate GCC installation: /bin/../lib/gcc/arm-linux-gnueabihf/4.9.4
Found candidate GCC installation: /bin/../lib/gcc/arm-linux-gnueabihf/5
Found candidate GCC installation: /bin/../lib/gcc/arm-linux-gnueabihf/5.5.0
Found candidate GCC installation: /bin/../lib/gcc/arm-linux-gnueabihf/6
Found candidate GCC installation: /bin/../lib/gcc/arm-linux-gnueabihf/6.5.0
Found candidate GCC installation: /bin/../lib/gcc/arm-linux-gnueabihf/7
Found candidate GCC installation: /bin/../lib/gcc/arm-linux-gnueabihf/7.3.0
Found candidate GCC installation: /bin/../lib/gcc/arm-linux-gnueabihf/8
Found candidate GCC installation: /usr/lib/gcc/arm-linux-gnueabihf/4.9
Found candidate GCC installation: /usr/lib/gcc/arm-linux-gnueabihf/4.9.4
Found candidate GCC installation: /usr/lib/gcc/arm-linux-gnueabihf/5
Found candidate GCC installation: /usr/lib/gcc/arm-linux-gnueabihf/5.5.0
Found candidate GCC installation: /usr/lib/gcc/arm-linux-gnueabihf/6
Found candidate GCC installation: /usr/lib/gcc/arm-linux-gnueabihf/6.5.0
Found candidate GCC installation: /usr/lib/gcc/arm-linux-gnueabihf/7
Found candidate GCC installation: /usr/lib/gcc/arm-linux-gnueabihf/7.3.0
Found candidate GCC installation: /usr/lib/gcc/arm-linux-gnueabihf/8
Selected GCC installation: /bin/../lib/gcc/arm-linux-gnueabihf/8
Candidate multilib: .;@m32
Selected multilib: .;@m32
 "/bin/ld" -export-dynamic -X --hash-style=both --build-id --eh-frame-hdr -m armelf_linux_eabi -export-dynamic -dynamic-linker /lib/ld-linux-armhf.so.3 -o cmTC_11135 /bin/../lib/gcc/arm-linux-gnueabihf/8/../../../arm-linux-gnueabihf/crt1.o /bin/../lib/gcc/arm-linux-gnueabihf/8/../../../arm-linux-gnueabihf/crti.o /bin/../lib/gcc/arm-linux-gnueabihf/8/crtbegin.o -L/bin/../lib/gcc/arm-linux-gnueabihf/8 -L/bin/../lib/gcc/arm-linux-gnueabihf/8/../../../arm-linux-gnueabihf -L/bin/../lib/gcc/arm-linux-gnueabihf/8/../../../../lib -L/usr/lib/llvm-7/bin/../lib -L/lib/arm-linux-gnueabihf -L/lib/../lib -L/usr/lib/arm-linux-gnueabihf -L/usr/lib/../lib -L/usr/lib/arm-linux-gnueabihf/../../lib -L/bin/../lib/gcc/arm-linux-gnueabihf/8/../../.. -L/usr/lib/llvm-7/bin/../lib -L/lib -L/usr/lib CMakeFiles/cmTC_11135.dir/CMakeCXXCompilerABI.cpp.o -lstdc++ -lm -lgcc_s -lgcc -lc -lgcc_s -lgcc /bin/../lib/gcc/arm-linux-gnueabihf/8/crtend.o /bin/../lib/gcc/arm-linux-gnueabihf/8/../../../arm-linux-gnueabihf/crtn.o
make[1]: Leaving directory '/home/pi/project/pi-io/Pi-SPI/build/CMakeFiles/CMakeTmp'



Parsed CXX implicit include dir info from above output: rv=done
  found start of include info
  found start of implicit include info
    add: [/bin/../lib/gcc/arm-linux-gnueabihf/8/../../../../include/c++/8]
    add: [/bin/../lib/gcc/arm-linux-gnueabihf/8/../../../../include/arm-linux-gnueabihf/c++/8]
    add: [/bin/../lib/gcc/arm-linux-gnueabihf/8/../../../../include/c++/8/backward]
    add: [/usr/include/clang/7.0.1/include]
    add: [/usr/local/include]
    add: [/usr/include/arm-linux-gnueabihf]
    add: [/usr/include]
  end of search list found
  collapse include dir [/bin/../lib/gcc/arm-linux-gnueabihf/8/../../../../include/c++/8] ==> [/include/c++/8]
  collapse include dir [/bin/../lib/gcc/arm-linux-gnueabihf/8/../../../../include/arm-linux-gnueabihf/c++/8] ==> [/include/arm-linux-gnueabihf/c++/8]
  collapse include dir [/bin/../lib/gcc/arm-linux-gnueabihf/8/../../../../include/c++/8/backward] ==> [/include/c++/8/backward]
  collapse include dir [/usr/include/clang/7.0.1/include] ==> [/usr/include/clang/7.0.1/include]
  collapse include dir [/usr/local/include] ==> [/usr/local/include]
  collapse include dir [/usr/include/arm-linux-gnueabihf] ==> [/usr/include/arm-linux-gnueabihf]
  collapse include dir [/usr/include] ==> [/usr/include]
  implicit include dirs: [/include/c++/8;/include/arm-linux-gnueabihf/c++/8;/include/c++/8/backward;/usr/include/clang/7.0.1/include;/usr/local/include;/usr/include/arm-linux-gnueabihf;/usr/include]


Parsed CXX implicit link information from above output:
  link line regex: [^( *|.*[/\])(ld|CMAKE_LINK_STARTFILE-NOTFOUND|([^/\]+-)?ld|collect2)[^/\]*( |$)]
  ignore line: [Change Dir: /home/pi/project/pi-io/Pi-SPI/build/CMakeFiles/CMakeTmp]
  ignore line: []
  ignore line: [Run Build Command(s):/usr/bin/make cmTC_11135/fast && /usr/bin/make -f CMakeFiles/cmTC_11135.dir/build.make CMakeFiles/cmTC_11135.dir/build]
  ignore line: [make[1]: Entering directory '/home/pi/project/pi-io/Pi-SPI/build/CMakeFiles/CMakeTmp']
  ignore line: [Building CXX object CMakeFiles/cmTC_11135.dir/CMakeCXXCompilerABI.cpp.o]
  ignore line: [/bin/clang++-7    -v -o CMakeFiles/cmTC_11135.dir/CMakeCXXCompilerABI.cpp.o -c /usr/share/cmake-3.16/Modules/CMakeCXXCompilerABI.cpp]
  ignore line: [clang version 7.0.1-8+rpi3+deb10u2 (tags/RELEASE_701/final)]
  ignore line: [Target: armv6k-unknown-linux-gnueabihf]
  ignore line: [Thread model: posix]
  ignore line: [InstalledDir: /bin]
  ignore line: [Found candidate GCC installation: /bin/../lib/gcc/arm-linux-gnueabihf/4.9]
  ignore line: [Found candidate GCC installation: /bin/../lib/gcc/arm-linux-gnueabihf/4.9.4]
  ignore line: [Found candidate GCC installation: /bin/../lib/gcc/arm-linux-gnueabihf/5]
  ignore line: [Found candidate GCC installation: /bin/../lib/gcc/arm-linux-gnueabihf/5.5.0]
  ignore line: [Found candidate GCC installation: /bin/../lib/gcc/arm-linux-gnueabihf/6]
  ignore line: [Found candidate GCC installation: /bin/../lib/gcc/arm-linux-gnueabihf/6.5.0]
  ignore line: [Found candidate GCC installation: /bin/../lib/gcc/arm-linux-gnueabihf/7]
  ignore line: [Found candidate GCC installation: /bin/../lib/gcc/arm-linux-gnueabihf/7.3.0]
  ignore line: [Found candidate GCC installation: /bin/../lib/gcc/arm-linux-gnueabihf/8]
  ignore line: [Found candidate GCC installation: /usr/lib/gcc/arm-linux-gnueabihf/4.9]
  ignore line: [Found candidate GCC installation: /usr/lib/gcc/arm-linux-gnueabihf/4.9.4]
  ignore line: [Found candidate GCC installation: /usr/lib/gcc/arm-linux-gnueabihf/5]
  ignore line: [Found candidate GCC installation: /usr/lib/gcc/arm-linux-gnueabihf/5.5.0]
  ignore line: [Found candidate GCC installation: /usr/lib/gcc/arm-linux-gnueabihf/6]
  ignore line: [Found candidate GCC installation: /usr/lib/gcc/arm-linux-gnueabihf/6.5.0]
  ignore line: [Found candidate GCC installation: /usr/lib/gcc/arm-linux-gnueabihf/7]
  ignore line: [Found candidate GCC installation: /usr/lib/gcc/arm-linux-gnueabihf/7.3.0]
  ignore line: [Found candidate GCC installation: /usr/lib/gcc/arm-linux-gnueabihf/8]
  ignore line: [Selected GCC installation: /bin/../lib/gcc/arm-linux-gnueabihf/8]
  ignore line: [Candidate multilib: .]
  ignore line: [@m32]
  ignore line: [Selected multilib: .]
  ignore line: [@m32]
  ignore line: [ "/usr/lib/llvm-7/bin/clang" -cc1 -triple armv6k-unknown-linux-gnueabihf -emit-obj -mrelax-all -disable-free -disable-llvm-verifier -discard-value-names -main-file-name CMakeCXXCompilerABI.cpp -mrelocation-model static -mthread-model posix -mdisable-fp-elim -fmath-errno -masm-verbose -mconstructor-aliases -fuse-init-array -target-cpu mpcore -target-feature +strict-align -target-abi aapcs-linux -mfloat-abi hard -fallow-half-arguments-and-returns -dwarf-column-info -debugger-tuning=gdb -v -coverage-notes-file /home/pi/project/pi-io/Pi-SPI/build/CMakeFiles/CMakeTmp/CMakeFiles/cmTC_11135.dir/CMakeCXXCompilerABI.cpp.gcno -resource-dir /usr/lib/llvm-7/lib/clang/7.0.1 -internal-isystem /bin/../lib/gcc/arm-linux-gnueabihf/8/../../../../include/c++/8 -internal-isystem /bin/../lib/gcc/arm-linux-gnueabihf/8/../../../../include/arm-linux-gnueabihf/c++/8 -internal-isystem /bin/../lib/gcc/arm-linux-gnueabihf/8/../../../../include/arm-linux-gnueabihf/c++/8 -internal-isystem /bin/../lib/gcc/arm-linux-gnueabihf/8/../../../../include/c++/8/backward -internal-isystem /usr/include/clang/7.0.1/include/ -internal-isystem /usr/local/include -internal-isystem /usr/lib/llvm-7/lib/clang/7.0.1/include -internal-externc-isystem /usr/include/arm-linux-gnueabihf -internal-externc-isystem /include -internal-externc-isystem /usr/include -fdeprecated-macro -fdebug-compilation-dir /home/pi/project/pi-io/Pi-SPI/build/CMakeFiles/CMakeTmp -ferror-limit 19 -fmessage-length 0 -fno-signed-char -fobjc-runtime=gcc -fcxx-exceptions -fexceptions -fdiagnostics-show-option -o CMakeFiles/cmTC_11135.dir/CMakeCXXCompilerABI.cpp.o -x c++ /usr/share/cmake-3.16/Modules/CMakeCXXCompilerABI.cpp -faddrsig]
  ignore line: [clang -cc1 version 7.0.1 based upon LLVM 7.0.1 default target armv6k-unknown-linux-gnueabihf]
  ignore line: [ignoring nonexistent directory "/include"]
  ignore line: [ignoring duplicate directory "/bin/../lib/gcc/arm-linux-gnueabihf/8/../../../../include/arm-linux-gnueabihf/c++/8"]
  ignore line: [ignoring duplicate directory "/usr/include/clang/7.0.1/include"]
  ignore line: [#include "..." search starts here:]
  ignore line: [#include <...> search starts here:]
  ignore line: [ /bin/../lib/gcc/arm-linux-gnueabihf/8/../../../../include/c++/8]
  ignore line: [ /bin/../lib/gcc/arm-linux-gnueabihf/8/../../../../include/arm-linux-gnueabihf/c++/8]
  ignore line: [ /bin/../lib/gcc/arm-linux-gnueabihf/8/../../../../include/c++/8/backward]
  ignore line: [ /usr/include/clang/7.0.1/include]
  ignore line: [ /usr/local/include]
  ignore line: [ /usr/include/arm-linux-gnueabihf]
  ignore line: [ /usr/include]
  ignore line: [End of search list.]
  ignore line: [Linking CXX executable cmTC_11135]
  ignore line: [/usr/bin/cmake -E cmake_link_script CMakeFiles/cmTC_11135.dir/link.txt --verbose=1]
  ignore line: [/bin/clang++-7      -v -rdynamic CMakeFiles/cmTC_11135.dir/CMakeCXXCompilerABI.cpp.o  -o cmTC_11135 ]
  ignore line: [clang version 7.0.1-8+rpi3+deb10u2 (tags/RELEASE_701/final)]
  ignore line: [Target: armv6k-unknown-linux-gnueabihf]
  ignore line: [Thread model: posix]
  ignore line: [InstalledDir: /bin]
  ignore line: [Found candidate GCC installation: /bin/../lib/gcc/arm-linux-gnueabihf/4.9]
  ignore line: [Found candidate GCC installation: /bin/../lib/gcc/arm-linux-gnueabihf/4.9.4]
  ignore line: [Found candidate GCC installation: /bin/../lib/gcc/arm-linux-gnueabihf/5]
  ignore line: [Found candidate GCC installation: /bin/../lib/gcc/arm-linux-gnueabihf/5.5.0]
  ignore line: [Found candidate GCC installation: /bin/../lib/gcc/arm-linux-gnueabihf/6]
  ignore line: [Found candidate GCC installation: /bin/../lib/gcc/arm-linux-gnueabihf/6.5.0]
  ignore line: [Found candidate GCC installation: /bin/../lib/gcc/arm-linux-gnueabihf/7]
  ignore line: [Found candidate GCC installation: /bin/../lib/gcc/arm-linux-gnueabihf/7.3.0]
  ignore line: [Found candidate GCC installation: /bin/../lib/gcc/arm-linux-gnueabihf/8]
  ignore line: [Found candidate GCC installation: /usr/lib/gcc/arm-linux-gnueabihf/4.9]
  ignore line: [Found candidate GCC installation: /usr/lib/gcc/arm-linux-gnueabihf/4.9.4]
  ignore line: [Found candidate GCC installation: /usr/lib/gcc/arm-linux-gnueabihf/5]
  ignore line: [Found candidate GCC installation: /usr/lib/gcc/arm-linux-gnueabihf/5.5.0]
  ignore line: [Found candidate GCC installation: /usr/lib/gcc/arm-linux-gnueabihf/6]
  ignore line: [Found candidate GCC installation: /usr/lib/gcc/arm-linux-gnueabihf/6.5.0]
  ignore line: [Found candidate GCC installation: /usr/lib/gcc/arm-linux-gnueabihf/7]
  ignore line: [Found candidate GCC installation: /usr/lib/gcc/arm-linux-gnueabihf/7.3.0]
  ignore line: [Found candidate GCC installation: /usr/lib/gcc/arm-linux-gnueabihf/8]
  ignore line: [Selected GCC installation: /bin/../lib/gcc/arm-linux-gnueabihf/8]
  ignore line: [Candidate multilib: .]
  ignore line: [@m32]
  ignore line: [Selected multilib: .]
  ignore line: [@m32]
  link line: [ "/bin/ld" -export-dynamic -X --hash-style=both --build-id --eh-frame-hdr -m armelf_linux_eabi -export-dynamic -dynamic-linker /lib/ld-linux-armhf.so.3 -o cmTC_11135 /bin/../lib/gcc/arm-linux-gnueabihf/8/../../../arm-linux-gnueabihf/crt1.o /bin/../lib/gcc/arm-linux-gnueabihf/8/../../../arm-linux-gnueabihf/crti.o /bin/../lib/gcc/arm-linux-gnueabihf/8/crtbegin.o -L/bin/../lib/gcc/arm-linux-gnueabihf/8 -L/bin/../lib/gcc/arm-linux-gnueabihf/8/../../../arm-linux-gnueabihf -L/bin/../lib/gcc/arm-linux-gnueabihf/8/../../../../lib -L/usr/lib/llvm-7/bin/../lib -L/lib/arm-linux-gnueabihf -L/lib/../lib -L/usr/lib/arm-linux-gnueabihf -L/usr/lib/../lib -L/usr/lib/arm-linux-gnueabihf/../../lib -L/bin/../lib/gcc/arm-linux-gnueabihf/8/../../.. -L/usr/lib/llvm-7/bin/../lib -L/lib -L/usr/lib CMakeFiles/cmTC_11135.dir/CMakeCXXCompilerABI.cpp.o -lstdc++ -lm -lgcc_s -lgcc -lc -lgcc_s -lgcc /bin/../lib/gcc/arm-linux-gnueabihf/8/crtend.o /bin/../lib/gcc/arm-linux-gnueabihf/8/../../../arm-linux-gnueabihf/crtn.o]
    arg [/bin/ld] ==> ignore
    arg [-export-dynamic] ==> ignore
    arg [-X] ==> ignore
    arg [--hash-style=both] ==> ignore
    arg [--build-id] ==> ignore
    arg [--eh-frame-hdr] ==> ignore
    arg [-m] ==> ignore
    arg [armelf_linux_eabi] ==> ignore
    arg [-export-dynamic] ==> ignore
    arg [-dynamic-linker] ==> ignore
    arg [/lib/ld-linux-armhf.so.3] ==> ignore
    arg [-o] ==> ignore
    arg [cmTC_11135] ==> ignore
    arg [/bin/../lib/gcc/arm-linux-gnueabihf/8/../../../arm-linux-gnueabihf/crt1.o] ==> ignore
    arg [/bin/../lib/gcc/arm-linux-gnueabihf/8/../../../arm-linux-gnueabihf/crti.o] ==> ignore
    arg [/bin/../lib/gcc/arm-linux-gnueabihf/8/crtbegin.o] ==> ignore
    arg [-L/bin/../lib/gcc/arm-linux-gnueabihf/8] ==> dir [/bin/../lib/gcc/arm-linux-gnueabihf/8]
    arg [-L/bin/../lib/gcc/arm-linux-gnueabihf/8/../../../arm-linux-gnueabihf] ==> dir [/bin/../lib/gcc/arm-linux-gnueabihf/8/../../../arm-linux-gnueabihf]
    arg [-L/bin/../lib/gcc/arm-linux-gnueabihf/8/../../../../lib] ==> dir [/bin/../lib/gcc/arm-linux-gnueabihf/8/../../../../lib]
    arg [-L/usr/lib/llvm-7/bin/../lib] ==> dir [/usr/lib/llvm-7/bin/../lib]
    arg [-L/lib/arm-linux-gnueabihf] ==> dir [/lib/arm-linux-gnueabihf]
    arg [-L/lib/../lib] ==> dir [/lib/../lib]
    arg [-L/usr/lib/arm-linux-gnueabihf] ==> dir [/usr/lib/arm-linux-gnueabihf]
    arg [-L/usr/lib/../lib] ==> dir [/usr/lib/../lib]
    arg [-L/usr/lib/arm-linux-gnueabihf/../../lib] ==> dir [/usr/lib/arm-linux-gnueabihf/../../lib]
    arg [-L/bin/../lib/gcc/arm-linux-gnueabihf/8/../../..] ==> dir [/bin/../lib/gcc/arm-linux-gnueabihf/8/../../..]
    arg [-L/usr/lib/llvm-7/bin/../lib] ==> dir [/usr/lib/llvm-7/bin/../lib]
    arg [-L/lib] ==> dir [/lib]
    arg [-L/usr/lib] ==> dir [/usr/lib]
    arg [CMakeFiles/cmTC_11135.dir/CMakeCXXCompilerABI.cpp.o] ==> ignore
    arg [-lstdc++] ==> lib [stdc++]
    arg [-lm] ==> lib [m]
    arg [-lgcc_s] ==> lib [gcc_s]
    arg [-lgcc] ==> lib [gcc]
    arg [-lc] ==> lib [c]
    arg [-lgcc_s] ==> lib [gcc_s]
    arg [-lgcc] ==> lib [gcc]
    arg [/bin/../lib/gcc/arm-linux-gnueabihf/8/crtend.o] ==> ignore
    arg [/bin/../lib/gcc/arm-linux-gnueabihf/8/../../../arm-linux-gnueabihf/crtn.o] ==> ignore
  collapse library dir [/bin/../lib/gcc/arm-linux-gnueabihf/8] ==> [/lib/gcc/arm-linux-gnueabihf/8]
  collapse library dir [/bin/../lib/gcc/arm-linux-gnueabihf/8/../../../arm-linux-gnueabihf] ==> [/lib/arm-linux-gnueabihf]
  collapse library dir [/bin/../lib/gcc/arm-linux-gnueabihf/8/../../../../lib] ==> [/lib]
  collapse library dir [/usr/lib/llvm-7/bin/../lib] ==> [/usr/lib/llvm-7/lib]
  collapse library dir [/lib/arm-linux-gnueabihf] ==> [/lib/arm-linux-gnueabihf]
  collapse library dir [/lib/../lib] ==> [/lib]
  collapse library dir [/usr/lib/arm-linux-gnueabihf] ==> [/usr/lib/arm-linux-gnueabihf]
  collapse library dir [/usr/lib/../lib] ==> [/usr/lib]
  collapse library dir [/usr/lib/arm-linux-gnueabihf/../../lib] ==> [/usr/lib]
  collapse library dir [/bin/../lib/gcc/arm-linux-gnueabihf/8/../../..] ==> [/lib]
  collapse library dir [/usr/lib/llvm-7/bin/../lib] ==> [/usr/lib/llvm-7/lib]
  collapse library dir [/lib] ==> [/lib]
  collapse library dir [/usr/lib] ==> [/usr/lib]
  implicit libs: [stdc++;m;gcc_s;gcc;c;gcc_s;gcc]
  implicit dirs: [/lib/gcc/arm-linux-gnueabihf/8;/lib/arm-linux-gnueabihf;/lib;/usr/lib/llvm-7/lib;/usr/lib/arm-linux-gnueabihf;/usr/lib]
  implicit fwks: []


